[debug] [2022-01-25T10:40:09.672Z] ----------------------------------------------------------------------
[debug] [2022-01-25T10:40:09.674Z] Command:       C:\Program Files\nodejs\node.exe C:\Users\Star\AppData\Roaming\npm\node_modules\firebase-tools\lib\bin\firebase.js init
[debug] [2022-01-25T10:40:09.675Z] CLI Version:   10.1.0
[debug] [2022-01-25T10:40:09.675Z] Platform:      win32
[debug] [2022-01-25T10:40:09.676Z] Node Version:  v17.3.0
[debug] [2022-01-25T10:40:09.677Z] Time:          Tue Jan 25 2022 10:40:09 GMT+0000 (Greenwich Mean Time)
[debug] [2022-01-25T10:40:09.677Z] ----------------------------------------------------------------------
[debug] 
[debug] [2022-01-25T10:40:09.762Z] > command requires scopes: ["email","openid","https://www.googleapis.com/auth/cloudplatformprojects.readonly","https://www.googleapis.com/auth/firebase","https://www.googleapis.com/auth/cloud-platform"]
[debug] [2022-01-25T10:40:09.763Z] > authorizing via signed-in user (emmanuelakpe1@gmail.com)
[info] 
     ######## #### ########  ######## ########     ###     ######  ########
     ##        ##  ##     ## ##       ##     ##  ##   ##  ##       ##
     ######    ##  ########  ######   ########  #########  ######  ######
     ##        ##  ##    ##  ##       ##     ## ##     ##       ## ##
     ##       #### ##     ## ######## ########  ##     ##  ######  ########

You're about to initialize a Firebase project in this directory:

  C:\Users\Star\Desktop\folder\reactWebsites\whatsup-clone

Before we get started, keep in mind:

  * You are initializing within an existing Firebase project directory

